2025-04-28 03:01:50,299 - browser_automation - INFO - Browser initialized with chromium
2025-04-28 03:38:45,077 - browser_automation - INFO - Browser initialized with chromium
2025-04-28 03:43:44,041 - browser_automation - INFO - Browser initialized with chromium
2025-04-28 05:38:12,507 - browser_automation - INFO - Browser initialized with chromium
2025-04-28 05:57:01,911 - browser_automation - INFO - Browser initialized with chromium
2025-04-28 07:47:53,668 - browser_automation - INFO - Browser initialized with chromium
2025-04-28 08:08:37,565 - browser_automation - INFO - Browser initialized with chromium
2025-04-28 08:08:47,174 - src.browser_automation - INFO - Browser initialized with chromium
2025-04-28 08:08:52,886 - src.browser_automation - INFO - Loaded cookies from C:\Users\rayyan.a\PycharmProjects\linkedin\job_application_automation\data\sessions\linkedin_cookies.json
2025-04-28 08:09:52,520 - src.browser_automation - INFO - Successfully authenticated using LinkedIn cookies
2025-04-28 08:09:53,467 - src.browser_automation - INFO - Browser initialized with chromium
2025-04-28 08:09:59,427 - src.browser_automation - INFO - Navigated to https://www.linkedin.com/jobs/
2025-04-28 08:09:59,430 - src.browser_automation - ERROR - Error searching LinkedIn: object NoneType can't be used in 'await' expression
2025-04-28 08:10:00,126 - src.browser_automation - INFO - Saved error screenshot to ../data/screenshots\linkedin_error.png
2025-04-28 08:10:00,254 - src.browser_automation - INFO - Saved 0 job listings to C:\Users\rayyan.a\PycharmProjects\linkedin\job_application_automation\data\job_listings.json
2025-04-28 08:10:03,815 - src.browser_automation - INFO - Navigated to https://www.linkedin.com/jobs/
2025-04-28 08:10:03,819 - src.browser_automation - ERROR - Error searching LinkedIn: object NoneType can't be used in 'await' expression
2025-04-28 08:10:04,255 - src.browser_automation - INFO - Saved error screenshot to ../data/screenshots\linkedin_error.png
2025-04-28 08:10:04,338 - src.browser_automation - INFO - Saved 0 job listings to C:\Users\rayyan.a\PycharmProjects\linkedin\job_application_automation\data\job_listings.json
2025-04-28 08:10:10,018 - src.browser_automation - INFO - Navigated to https://www.linkedin.com/jobs/
2025-04-28 08:10:10,022 - src.browser_automation - ERROR - Error searching LinkedIn: object NoneType can't be used in 'await' expression
2025-04-28 08:10:10,427 - src.browser_automation - INFO - Saved error screenshot to ../data/screenshots\linkedin_error.png
2025-04-28 08:10:10,509 - src.browser_automation - INFO - Saved 0 job listings to C:\Users\rayyan.a\PycharmProjects\linkedin\job_application_automation\data\job_listings.json
2025-05-01 06:30:13,367 - browser_automation - INFO - Browser initialized with chromium
2025-05-01 06:30:22,379 - src.browser_automation - INFO - Browser initialized with chromium
2025-05-01 06:30:29,364 - src.browser_automation - INFO - Loaded cookies from C:\Users\rayyan.a\PycharmProjects\linkedin\job_application_automation\data\sessions\linkedin_cookies.json
2025-05-01 06:31:29,528 - src.browser_automation - ERROR - Error testing LinkedIn cookies: Page.goto: Timeout 60000ms exceeded.
Call log:
  - navigating to "https://www.linkedin.com/feed/", waiting until "load"

2025-05-01 06:31:29,531 - src.browser_automation - INFO - Browser initialized with chromium
2025-05-01 06:31:32,854 - src.browser_automation - INFO - Please log in to LinkedIn manually in the browser window that opened.
2025-05-01 06:31:32,855 - src.browser_automation - INFO - The window will close automatically once login is detected.
2025-05-01 06:33:22,272 - src.browser_automation - WARNING - Login timeout reached. Current URL: https://www.linkedin.com/login
