2025-04-28 03:02:07,492 - __main__ - INFO - Job Application Automation initialized
2025-04-28 03:02:07,497 - __main__ - INFO - Loaded candidate profile from file
2025-04-28 08:08:47,153 - __main__ - INFO - Job Application Automation initialized
2025-04-28 08:08:47,168 - __main__ - INFO - Loaded candidate profile from file
2025-04-28 08:09:53,464 - __main__ - INFO - Searching for jobs on LinkedIn with keywords ['software engineer', 'python'] in Remote
2025-04-28 08:10:18,525 - __main__ - INFO - Found 0 jobs on LinkedIn
2025-04-28 08:10:18,525 - __main__ - INFO - Searching for jobs on linkedin with keywords ['software engineer', 'python'] in Remote
2025-04-28 08:10:18,525 - __main__ - ERROR - Error searching jobs with browser automation: 'BrowserConfig' object has no attribute 'job_sites'
2025-04-28 08:10:18,532 - __main__ - INFO - Saved 0 combined job listings
2025-04-28 08:10:18,532 - __main__ - ERROR - No job listings found
2025-05-01 06:30:22,363 - __main__ - INFO - Job Application Automation initialized
2025-05-01 06:30:22,375 - __main__ - INFO - Loaded candidate profile from file
2025-05-01 06:33:22,489 - __main__ - WARNING - LinkedIn authentication failed, some features may not be available
2025-05-01 11:08:52,936 - __main__ - INFO - Job Application Automation initialized
2025-05-01 11:08:52,951 - __main__ - INFO - Loaded candidate profile from file
2025-05-01 11:09:35,898 - __main__ - INFO - Searching for jobs on LinkedIn with keywords ['software engineer', 'python'] in Remote
2025-05-01 11:09:56,935 - __main__ - INFO - Found 0 jobs on LinkedIn
2025-05-01 11:09:56,935 - __main__ - INFO - Searching for jobs on linkedin with keywords ['software engineer', 'python'] in Remote
2025-05-01 11:09:56,935 - __main__ - ERROR - Error searching jobs with browser automation: 'BrowserConfig' object has no attribute 'job_sites'
2025-05-01 11:09:56,937 - __main__ - INFO - Saved 0 combined job listings
2025-05-01 11:09:56,937 - __main__ - ERROR - No job listings found
